0 info it worked if it ends with ok
1 verbose cli [ '/usr/local/bin/node',
1 verbose cli   '/usr/local/bin/npm',
1 verbose cli   'install',
1 verbose cli   '--production' ]
2 info using npm@1.1.45
3 info using node@v0.8.4
4 verbose config file /Users/hhau/.npmrc
5 verbose config file /usr/local/etc/npmrc
6 verbose config file /usr/local/lib/node_modules/npm/npmrc
7 verbose read json /Users/hhau/package.json
8 error install Couldn't read dependencies
9 error Error: ENOENT, open '/Users/hhau/package.json'
10 error If you need help, you may report this log at:
10 error     <http://github.com/isaacs/npm/issues>
10 error or email it to:
10 error     <npm-@googlegroups.com>
11 error System Darwin 10.8.0
12 error command "/usr/local/bin/node" "/usr/local/bin/npm" "install" "--production"
13 error cwd /Users/hhau/Work/source/tco
14 error node -v v0.8.4
15 error npm -v 1.1.45
16 error path /Users/hhau/package.json
17 error code ENOENT
18 error errno 34
19 verbose exit [ 34, true ]
